<?xml version="1.0" encoding="UTF-8"?>
<testng-results skipped="0" failed="1" ignored="0" total="2" passed="1">
  <reporter-output>
  </reporter-output>
  <suite name="Suite" duration-ms="38122" started-at="2021-03-22T15:04:10 IST" finished-at="2021-03-22T15:04:48 IST">
    <groups>
    </groups>
    <test name="Test" duration-ms="38122" started-at="2021-03-22T15:04:10 IST" finished-at="2021-03-22T15:04:48 IST">
      <class name="com.htc.madison.tests.LoginTest">
        <test-method status="PASS" signature="start(java.lang.String)[pri:0, instance:com.htc.madison.tests.LoginTest@7181ae3f]" name="start" is-config="true" duration-ms="38691" started-at="2021-03-22T15:03:31 IST" finished-at="2021-03-22T15:04:10 IST">
          <params>
            <param index="0">
              <value>
                <![CDATA[chrome]]>
              </value>
            </param>
          </params>
          <reporter-output>
          </reporter-output>
        </test-method> <!-- start -->
        <test-method status="PASS" signature="browserSetup()[pri:0, instance:com.htc.madison.tests.LoginTest@7181ae3f]" name="browserSetup" is-config="true" duration-ms="870" started-at="2021-03-22T15:04:10 IST" finished-at="2021-03-22T15:04:11 IST">
          <reporter-output>
          </reporter-output>
        </test-method> <!-- browserSetup -->
        <test-method status="PASS" signature="Valid_And_Invalid_Login(java.util.Map)[pri:0, instance:com.htc.madison.tests.LoginTest@7181ae3f]" name="Valid_And_Invalid_Login" duration-ms="6627" started-at="2021-03-22T15:04:20 IST" data-provider="Madison" finished-at="2021-03-22T15:04:26 IST">
          <params>
            <param index="0">
              <value>
                <![CDATA[{password=srikar97, emailid=srikar021@gamil.com}]]>
              </value>
            </param>
          </params>
          <reporter-output>
          </reporter-output>
        </test-method> <!-- Valid_And_Invalid_Login -->
        <test-method status="PASS" signature="doLogout(org.testng.ITestResult)[pri:0, instance:com.htc.madison.tests.LoginTest@7181ae3f]" name="doLogout" is-config="true" duration-ms="1024" started-at="2021-03-22T15:04:31 IST" finished-at="2021-03-22T15:04:32 IST">
          <params>
            <param index="0">
              <value>
                <![CDATA[[TestResult name=Valid_And_Invalid_Login status=SUCCESS method=LoginTest.Valid_And_Invalid_Login(java.util.Map)[pri:0, instance:com.htc.madison.tests.LoginTest@7181ae3f] output={null}]]]>
              </value>
            </param>
          </params>
          <reporter-output>
          </reporter-output>
        </test-method> <!-- doLogout -->
        <test-method status="FAIL" signature="Valid_And_Invalid_Login(java.util.Map)[pri:0, instance:com.htc.madison.tests.LoginTest@7181ae3f]" name="Valid_And_Invalid_Login" duration-ms="12703" started-at="2021-03-22T15:04:32 IST" data-provider="Madison" finished-at="2021-03-22T15:04:44 IST">
          <params>
            <param index="0">
              <value>
                <![CDATA[{password=tets123, emailid=test09@gmail.com}]]>
              </value>
            </param>
          </params>
          <exception class="org.openqa.selenium.NoSuchElementException">
            <message>
              <![CDATA[no such element: Unable to locate element: {"method":"xpath","selector":"//strong[contains(text(),"Hello, Indraganti sai srikar!")]"}
  (Session info: chrome=89.0.4389.90)
For documentation on this error, please visit: https://www.seleniumhq.org/exceptions/no_such_element.html
Build info: version: '3.141.59', revision: 'e82be7d358', time: '2018-11-14T08:17:03'
System info: host: 'DESKTOP-B4MBJ5N', ip: '192.168.0.106', os.name: 'Windows 10', os.arch: 'amd64', os.version: '10.0', java.version: '1.8.0_271'
Driver info: org.openqa.selenium.chrome.ChromeDriver
Capabilities {acceptInsecureCerts: false, browserName: chrome, browserVersion: 89.0.4389.90, chrome: {chromedriverVersion: 88.0.4324.96 (68dba2d8a0b14..., userDataDir: C:\Users\admin\AppData\Loca...}, goog:chromeOptions: {debuggerAddress: localhost:59984}, javascriptEnabled: true, networkConnectionEnabled: false, pageLoadStrategy: normal, platform: WINDOWS, platformName: WINDOWS, proxy: Proxy(), setWindowRect: true, strictFileInteractability: false, timeouts: {implicit: 0, pageLoad: 300000, script: 30000}, unhandledPromptBehavior: dismiss and notify, webauthn:extension:largeBlob: true, webauthn:virtualAuthenticators: true}
Session ID: 8a00d0aa3ff6939b436edc259e2bc052
*** Element info: {Using=xpath, value=//strong[contains(text(),"Hello, Indraganti sai srikar!")]}]]>
            </message>
            <full-stacktrace>
              <![CDATA[org.openqa.selenium.NoSuchElementException: no such element: Unable to locate element: {"method":"xpath","selector":"//strong[contains(text(),"Hello, Indraganti sai srikar!")]"}
  (Session info: chrome=89.0.4389.90)
For documentation on this error, please visit: https://www.seleniumhq.org/exceptions/no_such_element.html
Build info: version: '3.141.59', revision: 'e82be7d358', time: '2018-11-14T08:17:03'
System info: host: 'DESKTOP-B4MBJ5N', ip: '192.168.0.106', os.name: 'Windows 10', os.arch: 'amd64', os.version: '10.0', java.version: '1.8.0_271'
Driver info: org.openqa.selenium.chrome.ChromeDriver
Capabilities {acceptInsecureCerts: false, browserName: chrome, browserVersion: 89.0.4389.90, chrome: {chromedriverVersion: 88.0.4324.96 (68dba2d8a0b14..., userDataDir: C:\Users\admin\AppData\Loca...}, goog:chromeOptions: {debuggerAddress: localhost:59984}, javascriptEnabled: true, networkConnectionEnabled: false, pageLoadStrategy: normal, platform: WINDOWS, platformName: WINDOWS, proxy: Proxy(), setWindowRect: true, strictFileInteractability: false, timeouts: {implicit: 0, pageLoad: 300000, script: 30000}, unhandledPromptBehavior: dismiss and notify, webauthn:extension:largeBlob: true, webauthn:virtualAuthenticators: true}
Session ID: 8a00d0aa3ff6939b436edc259e2bc052
*** Element info: {Using=xpath, value=//strong[contains(text(),"Hello, Indraganti sai srikar!")]}
at sun.reflect.NativeConstructorAccessorImpl.newInstance0(Native Method)
at sun.reflect.NativeConstructorAccessorImpl.newInstance(NativeConstructorAccessorImpl.java:62)
at sun.reflect.DelegatingConstructorAccessorImpl.newInstance(DelegatingConstructorAccessorImpl.java:45)
at java.lang.reflect.Constructor.newInstance(Constructor.java:423)
at org.openqa.selenium.remote.http.W3CHttpResponseCodec.createException(W3CHttpResponseCodec.java:187)
at org.openqa.selenium.remote.http.W3CHttpResponseCodec.decode(W3CHttpResponseCodec.java:122)
at org.openqa.selenium.remote.http.W3CHttpResponseCodec.decode(W3CHttpResponseCodec.java:49)
at org.openqa.selenium.remote.HttpCommandExecutor.execute(HttpCommandExecutor.java:158)
at org.openqa.selenium.remote.service.DriverCommandExecutor.execute(DriverCommandExecutor.java:83)
at org.openqa.selenium.remote.RemoteWebDriver.execute(RemoteWebDriver.java:552)
at org.openqa.selenium.remote.RemoteWebDriver.findElement(RemoteWebDriver.java:323)
at org.openqa.selenium.remote.RemoteWebDriver.findElementByXPath(RemoteWebDriver.java:428)
at org.openqa.selenium.By$ByXPath.findElement(By.java:353)
at org.openqa.selenium.remote.RemoteWebDriver.findElement(RemoteWebDriver.java:315)
at org.openqa.selenium.support.pagefactory.DefaultElementLocator.findElement(DefaultElementLocator.java:69)
at org.openqa.selenium.support.pagefactory.internal.LocatingElementHandler.invoke(LocatingElementHandler.java:38)
at com.sun.proxy.$Proxy11.getText(Unknown Source)
at com.htc.madison.pages.HomePage.assert_login(HomePage.java:47)
at com.htc.madison.tests.LoginTest.Valid_And_Invalid_Login(LoginTest.java:17)
at sun.reflect.NativeMethodAccessorImpl.invoke0(Native Method)
at sun.reflect.NativeMethodAccessorImpl.invoke(NativeMethodAccessorImpl.java:62)
at sun.reflect.DelegatingMethodAccessorImpl.invoke(DelegatingMethodAccessorImpl.java:43)
at java.lang.reflect.Method.invoke(Method.java:498)
at org.testng.internal.MethodInvocationHelper.invokeMethod(MethodInvocationHelper.java:132)
at org.testng.internal.TestInvoker.invokeMethod(TestInvoker.java:599)
at org.testng.internal.TestInvoker.invokeTestMethod(TestInvoker.java:174)
at org.testng.internal.MethodRunner.runInSequence(MethodRunner.java:46)
at org.testng.internal.TestInvoker$MethodInvocationAgent.invoke(TestInvoker.java:822)
at org.testng.internal.TestInvoker.invokeTestMethods(TestInvoker.java:147)
at org.testng.internal.TestMethodWorker.invokeTestMethods(TestMethodWorker.java:146)
at org.testng.internal.TestMethodWorker.run(TestMethodWorker.java:128)
at java.util.ArrayList.forEach(ArrayList.java:1259)
at org.testng.TestRunner.privateRun(TestRunner.java:764)
at org.testng.TestRunner.run(TestRunner.java:585)
at org.testng.SuiteRunner.runTest(SuiteRunner.java:384)
at org.testng.SuiteRunner.runSequentially(SuiteRunner.java:378)
at org.testng.SuiteRunner.privateRun(SuiteRunner.java:337)
at org.testng.SuiteRunner.run(SuiteRunner.java:286)
at org.testng.SuiteRunnerWorker.runSuite(SuiteRunnerWorker.java:53)
at org.testng.SuiteRunnerWorker.run(SuiteRunnerWorker.java:96)
at org.testng.TestNG.runSuitesSequentially(TestNG.java:1218)
at org.testng.TestNG.runSuitesLocally(TestNG.java:1140)
at org.testng.TestNG.runSuites(TestNG.java:1069)
at org.testng.TestNG.run(TestNG.java:1037)
at org.testng.remote.AbstractRemoteTestNG.run(AbstractRemoteTestNG.java:115)
at org.testng.remote.RemoteTestNG.initAndRun(RemoteTestNG.java:251)
at org.testng.remote.RemoteTestNG.main(RemoteTestNG.java:77)
]]>
            </full-stacktrace>
          </exception> <!-- org.openqa.selenium.NoSuchElementException -->
          <reporter-output>
          </reporter-output>
        </test-method> <!-- Valid_And_Invalid_Login -->
        <test-method status="PASS" signature="doLogout(org.testng.ITestResult)[pri:0, instance:com.htc.madison.tests.LoginTest@7181ae3f]" name="doLogout" is-config="true" duration-ms="0" started-at="2021-03-22T15:04:48 IST" finished-at="2021-03-22T15:04:48 IST">
          <params>
            <param index="0">
              <value>
                <![CDATA[[TestResult name=Valid_And_Invalid_Login status=FAILURE method=LoginTest.Valid_And_Invalid_Login(java.util.Map)[pri:0, instance:com.htc.madison.tests.LoginTest@7181ae3f] output={null}]]]>
              </value>
            </param>
          </params>
          <reporter-output>
          </reporter-output>
        </test-method> <!-- doLogout -->
      </class> <!-- com.htc.madison.tests.LoginTest -->
    </test> <!-- Test -->
  </suite> <!-- Suite -->
</testng-results>
