<?xml version="1.0" encoding="UTF-8"?>
<!-- Generated by org.testng.reporters.JUnitXMLReporter -->
<testsuite hostname="DESKTOP-B4MBJ5N" ignored="0" name="Test" tests="2" failures="1" timestamp="2021-04-01T12:15:22 IST" time="17.583" errors="0">
  <testcase name="Valid_And_Invalid_Login" time="4.513" classname="com.htc.madison.tests.LoginTest"/>
  <testcase name="Valid_And_Invalid_Login" time="2.511" classname="com.htc.madison.tests.LoginTest">
    <failure type="java.lang.AssertionError" message="expected [LOGIN OR CREATE AN ACCOUNT
] but found [LOGIN OR CREATE AN ACCOUNT]">
      <![CDATA[java.lang.AssertionError: expected [LOGIN OR CREATE AN ACCOUNT
] but found [LOGIN OR CREATE AN ACCOUNT]
at com.htc.madison.tests.LoginTest.Valid_And_Invalid_Login(LoginTest.java:21)
at java.util.ArrayList.forEach(ArrayList.java:1259)
... Removed 33 stack frames]]>
    </failure>
  </testcase> <!-- Valid_And_Invalid_Login -->
</testsuite> <!-- Test -->
